[2025-12-31T04:27:30.871Z] [ERROR] Dynamic server usage: Route /api/meta/history couldn't be rendered statically because it used `nextUrl.searchParams`. See more info here: https://nextjs.org/docs/messages/dynamic-server-error | Context: {"stack":"Error: Dynamic server usage: Route /api/meta/history couldn't be rendered statically because it used `nextUrl.searchParams`. See more info here: https://nextjs.org/docs/messages/dynamic-server-error\n    at V (/home/nugroho/Documents/ceritakita-booking/node_modules/next/dist/compiled/next-server/app-route.runtime.prod.js:6:21778)\n    at Object.get (/home/nugroho/Documents/ceritakita-booking/node_modules/next/dist/compiled/next-server/app-route.runtime.prod.js:6:29137)\n    at d (/home/nugroho/Documents/ceritakita-booking/.next/server/app/api/meta/history/route.js:1:721)\n    at /home/nugroho/Documents/ceritakita-booking/node_modules/next/dist/compiled/next-server/app-route.runtime.prod.js:6:38417\n    at /home/nugroho/Documents/ceritakita-booking/node_modules/next/dist/server/lib/trace/tracer.js:140:36\n    at NoopContextManager.with (/home/nugroho/Documents/ceritakita-booking/node_modules/next/dist/compiled/@opentelemetry/api/index.js:1:7062)\n    at ContextAPI.with (/home/nugroho/Documents/ceritakita-booking/node_modules/next/dist/compiled/@opentelemetry/api/index.js:1:518)\n    at NoopTracer.startActiveSpan (/home/nugroho/Documents/ceritakita-booking/node_modules/next/dist/compiled/@opentelemetry/api/index.js:1:18093)\n    at ProxyTracer.startActiveSpan (/home/nugroho/Documents/ceritakita-booking/node_modules/next/dist/compiled/@opentelemetry/api/index.js:1:18854)\n    at /home/nugroho/Documents/ceritakita-booking/node_modules/next/dist/server/lib/trace/tracer.js:122:103"} | Error: Dynamic server usage: Route /api/meta/history couldn't be rendered statically because it used `nextUrl.searchParams`. See more info here: https://nextjs.org/docs/messages/dynamic-server-error | Error: Dynamic server usage: Route /api/meta/history couldn't be rendered statically because it used `nextUrl.searchParams`. See more info here: https://nextjs.org/docs/messages/dynamic-server-error
    at V (/home/nugroho/Documents/ceritakita-booking/node_modules/next/dist/compiled/next-server/app-route.runtime.prod.js:6:21778)
    at Object.get (/home/nugroho/Documents/ceritakita-booking/node_modules/next/dist/compiled/next-server/app-route.runtime.prod.js:6:29137)
    at d (/home/nugroho/Documents/ceritakita-booking/.next/server/app/api/meta/history/route.js:1:721)
    at /home/nugroho/Documents/ceritakita-booking/node_modules/next/dist/compiled/next-server/app-route.runtime.prod.js:6:38417
    at /home/nugroho/Documents/ceritakita-booking/node_modules/next/dist/server/lib/trace/tracer.js:140:36
    at NoopContextManager.with (/home/nugroho/Documents/ceritakita-booking/node_modules/next/dist/compiled/@opentelemetry/api/index.js:1:7062)
    at ContextAPI.with (/home/nugroho/Documents/ceritakita-booking/node_modules/next/dist/compiled/@opentelemetry/api/index.js:1:518)
    at NoopTracer.startActiveSpan (/home/nugroho/Documents/ceritakita-booking/node_modules/next/dist/compiled/@opentelemetry/api/index.js:1:18093)
    at ProxyTracer.startActiveSpan (/home/nugroho/Documents/ceritakita-booking/node_modules/next/dist/compiled/@opentelemetry/api/index.js:1:18854)
    at /home/nugroho/Documents/ceritakita-booking/node_modules/next/dist/server/lib/trace/tracer.js:122:103
[2025-12-31T04:27:31.352Z] [ERROR] Unexpected error in Meta insights API | Context: {} | Error: Dynamic server usage: Route /api/meta/insights couldn't be rendered statically because it used `nextUrl.searchParams`. See more info here: https://nextjs.org/docs/messages/dynamic-server-error | Error: Dynamic server usage: Route /api/meta/insights couldn't be rendered statically because it used `nextUrl.searchParams`. See more info here: https://nextjs.org/docs/messages/dynamic-server-error
    at V (/home/nugroho/Documents/ceritakita-booking/node_modules/next/dist/compiled/next-server/app-route.runtime.prod.js:6:21778)
    at Object.get (/home/nugroho/Documents/ceritakita-booking/node_modules/next/dist/compiled/next-server/app-route.runtime.prod.js:6:29137)
    at d (/home/nugroho/Documents/ceritakita-booking/.next/server/app/api/meta/insights/route.js:1:982)
    at /home/nugroho/Documents/ceritakita-booking/node_modules/next/dist/compiled/next-server/app-route.runtime.prod.js:6:38417
    at /home/nugroho/Documents/ceritakita-booking/node_modules/next/dist/server/lib/trace/tracer.js:140:36
    at NoopContextManager.with (/home/nugroho/Documents/ceritakita-booking/node_modules/next/dist/compiled/@opentelemetry/api/index.js:1:7062)
    at ContextAPI.with (/home/nugroho/Documents/ceritakita-booking/node_modules/next/dist/compiled/@opentelemetry/api/index.js:1:518)
    at NoopTracer.startActiveSpan (/home/nugroho/Documents/ceritakita-booking/node_modules/next/dist/compiled/@opentelemetry/api/index.js:1:18093)
    at ProxyTracer.startActiveSpan (/home/nugroho/Documents/ceritakita-booking/node_modules/next/dist/compiled/@opentelemetry/api/index.js:1:18854)
    at /home/nugroho/Documents/ceritakita-booking/node_modules/next/dist/server/lib/trace/tracer.js:122:103
[2025-12-31T04:35:05.370Z] [ERROR] Unexpected error in Meta insights API | Context: {} | Error: Dynamic server usage: Route /api/meta/insights couldn't be rendered statically because it used `nextUrl.searchParams`. See more info here: https://nextjs.org/docs/messages/dynamic-server-error | Error: Dynamic server usage: Route /api/meta/insights couldn't be rendered statically because it used `nextUrl.searchParams`. See more info here: https://nextjs.org/docs/messages/dynamic-server-error
    at V (/home/nugroho/Documents/ceritakita-booking/node_modules/next/dist/compiled/next-server/app-route.runtime.prod.js:6:21778)
    at Object.get (/home/nugroho/Documents/ceritakita-booking/node_modules/next/dist/compiled/next-server/app-route.runtime.prod.js:6:29137)
    at d (/home/nugroho/Documents/ceritakita-booking/.next/server/app/api/meta/insights/route.js:1:982)
    at /home/nugroho/Documents/ceritakita-booking/node_modules/next/dist/compiled/next-server/app-route.runtime.prod.js:6:38417
    at /home/nugroho/Documents/ceritakita-booking/node_modules/next/dist/server/lib/trace/tracer.js:140:36
    at NoopContextManager.with (/home/nugroho/Documents/ceritakita-booking/node_modules/next/dist/compiled/@opentelemetry/api/index.js:1:7062)
    at ContextAPI.with (/home/nugroho/Documents/ceritakita-booking/node_modules/next/dist/compiled/@opentelemetry/api/index.js:1:518)
    at NoopTracer.startActiveSpan (/home/nugroho/Documents/ceritakita-booking/node_modules/next/dist/compiled/@opentelemetry/api/index.js:1:18093)
    at ProxyTracer.startActiveSpan (/home/nugroho/Documents/ceritakita-booking/node_modules/next/dist/compiled/@opentelemetry/api/index.js:1:18854)
    at /home/nugroho/Documents/ceritakita-booking/node_modules/next/dist/server/lib/trace/tracer.js:122:103
[2025-12-31T04:35:05.384Z] [ERROR] Dynamic server usage: Route /api/meta/history couldn't be rendered statically because it used `nextUrl.searchParams`. See more info here: https://nextjs.org/docs/messages/dynamic-server-error | Context: {"stack":"Error: Dynamic server usage: Route /api/meta/history couldn't be rendered statically because it used `nextUrl.searchParams`. See more info here: https://nextjs.org/docs/messages/dynamic-server-error\n    at V (/home/nugroho/Documents/ceritakita-booking/node_modules/next/dist/compiled/next-server/app-route.runtime.prod.js:6:21778)\n    at Object.get (/home/nugroho/Documents/ceritakita-booking/node_modules/next/dist/compiled/next-server/app-route.runtime.prod.js:6:29137)\n    at d (/home/nugroho/Documents/ceritakita-booking/.next/server/app/api/meta/history/route.js:1:721)\n    at /home/nugroho/Documents/ceritakita-booking/node_modules/next/dist/compiled/next-server/app-route.runtime.prod.js:6:38417\n    at /home/nugroho/Documents/ceritakita-booking/node_modules/next/dist/server/lib/trace/tracer.js:140:36\n    at NoopContextManager.with (/home/nugroho/Documents/ceritakita-booking/node_modules/next/dist/compiled/@opentelemetry/api/index.js:1:7062)\n    at ContextAPI.with (/home/nugroho/Documents/ceritakita-booking/node_modules/next/dist/compiled/@opentelemetry/api/index.js:1:518)\n    at NoopTracer.startActiveSpan (/home/nugroho/Documents/ceritakita-booking/node_modules/next/dist/compiled/@opentelemetry/api/index.js:1:18093)\n    at ProxyTracer.startActiveSpan (/home/nugroho/Documents/ceritakita-booking/node_modules/next/dist/compiled/@opentelemetry/api/index.js:1:18854)\n    at /home/nugroho/Documents/ceritakita-booking/node_modules/next/dist/server/lib/trace/tracer.js:122:103"} | Error: Dynamic server usage: Route /api/meta/history couldn't be rendered statically because it used `nextUrl.searchParams`. See more info here: https://nextjs.org/docs/messages/dynamic-server-error | Error: Dynamic server usage: Route /api/meta/history couldn't be rendered statically because it used `nextUrl.searchParams`. See more info here: https://nextjs.org/docs/messages/dynamic-server-error
    at V (/home/nugroho/Documents/ceritakita-booking/node_modules/next/dist/compiled/next-server/app-route.runtime.prod.js:6:21778)
    at Object.get (/home/nugroho/Documents/ceritakita-booking/node_modules/next/dist/compiled/next-server/app-route.runtime.prod.js:6:29137)
    at d (/home/nugroho/Documents/ceritakita-booking/.next/server/app/api/meta/history/route.js:1:721)
    at /home/nugroho/Documents/ceritakita-booking/node_modules/next/dist/compiled/next-server/app-route.runtime.prod.js:6:38417
    at /home/nugroho/Documents/ceritakita-booking/node_modules/next/dist/server/lib/trace/tracer.js:140:36
    at NoopContextManager.with (/home/nugroho/Documents/ceritakita-booking/node_modules/next/dist/compiled/@opentelemetry/api/index.js:1:7062)
    at ContextAPI.with (/home/nugroho/Documents/ceritakita-booking/node_modules/next/dist/compiled/@opentelemetry/api/index.js:1:518)
    at NoopTracer.startActiveSpan (/home/nugroho/Documents/ceritakita-booking/node_modules/next/dist/compiled/@opentelemetry/api/index.js:1:18093)
    at ProxyTracer.startActiveSpan (/home/nugroho/Documents/ceritakita-booking/node_modules/next/dist/compiled/@opentelemetry/api/index.js:1:18854)
    at /home/nugroho/Documents/ceritakita-booking/node_modules/next/dist/server/lib/trace/tracer.js:122:103
[2025-12-31T04:37:36.965Z] [ERROR] Unexpected error in Meta insights API | Context: {} | Error: Dynamic server usage: Route /api/meta/insights couldn't be rendered statically because it used `nextUrl.searchParams`. See more info here: https://nextjs.org/docs/messages/dynamic-server-error | Error: Dynamic server usage: Route /api/meta/insights couldn't be rendered statically because it used `nextUrl.searchParams`. See more info here: https://nextjs.org/docs/messages/dynamic-server-error
    at V (/home/nugroho/Documents/ceritakita-booking/node_modules/next/dist/compiled/next-server/app-route.runtime.prod.js:6:21778)
    at Object.get (/home/nugroho/Documents/ceritakita-booking/node_modules/next/dist/compiled/next-server/app-route.runtime.prod.js:6:29137)
    at d (/home/nugroho/Documents/ceritakita-booking/.next/server/app/api/meta/insights/route.js:1:982)
    at /home/nugroho/Documents/ceritakita-booking/node_modules/next/dist/compiled/next-server/app-route.runtime.prod.js:6:38417
    at /home/nugroho/Documents/ceritakita-booking/node_modules/next/dist/server/lib/trace/tracer.js:140:36
    at NoopContextManager.with (/home/nugroho/Documents/ceritakita-booking/node_modules/next/dist/compiled/@opentelemetry/api/index.js:1:7062)
    at ContextAPI.with (/home/nugroho/Documents/ceritakita-booking/node_modules/next/dist/compiled/@opentelemetry/api/index.js:1:518)
    at NoopTracer.startActiveSpan (/home/nugroho/Documents/ceritakita-booking/node_modules/next/dist/compiled/@opentelemetry/api/index.js:1:18093)
    at ProxyTracer.startActiveSpan (/home/nugroho/Documents/ceritakita-booking/node_modules/next/dist/compiled/@opentelemetry/api/index.js:1:18854)
    at /home/nugroho/Documents/ceritakita-booking/node_modules/next/dist/server/lib/trace/tracer.js:122:103
[2025-12-31T04:37:36.975Z] [ERROR] Dynamic server usage: Route /api/meta/history couldn't be rendered statically because it used `nextUrl.searchParams`. See more info here: https://nextjs.org/docs/messages/dynamic-server-error | Context: {"stack":"Error: Dynamic server usage: Route /api/meta/history couldn't be rendered statically because it used `nextUrl.searchParams`. See more info here: https://nextjs.org/docs/messages/dynamic-server-error\n    at V (/home/nugroho/Documents/ceritakita-booking/node_modules/next/dist/compiled/next-server/app-route.runtime.prod.js:6:21778)\n    at Object.get (/home/nugroho/Documents/ceritakita-booking/node_modules/next/dist/compiled/next-server/app-route.runtime.prod.js:6:29137)\n    at d (/home/nugroho/Documents/ceritakita-booking/.next/server/app/api/meta/history/route.js:1:721)\n    at /home/nugroho/Documents/ceritakita-booking/node_modules/next/dist/compiled/next-server/app-route.runtime.prod.js:6:38417\n    at /home/nugroho/Documents/ceritakita-booking/node_modules/next/dist/server/lib/trace/tracer.js:140:36\n    at NoopContextManager.with (/home/nugroho/Documents/ceritakita-booking/node_modules/next/dist/compiled/@opentelemetry/api/index.js:1:7062)\n    at ContextAPI.with (/home/nugroho/Documents/ceritakita-booking/node_modules/next/dist/compiled/@opentelemetry/api/index.js:1:518)\n    at NoopTracer.startActiveSpan (/home/nugroho/Documents/ceritakita-booking/node_modules/next/dist/compiled/@opentelemetry/api/index.js:1:18093)\n    at ProxyTracer.startActiveSpan (/home/nugroho/Documents/ceritakita-booking/node_modules/next/dist/compiled/@opentelemetry/api/index.js:1:18854)\n    at /home/nugroho/Documents/ceritakita-booking/node_modules/next/dist/server/lib/trace/tracer.js:122:103"} | Error: Dynamic server usage: Route /api/meta/history couldn't be rendered statically because it used `nextUrl.searchParams`. See more info here: https://nextjs.org/docs/messages/dynamic-server-error | Error: Dynamic server usage: Route /api/meta/history couldn't be rendered statically because it used `nextUrl.searchParams`. See more info here: https://nextjs.org/docs/messages/dynamic-server-error
    at V (/home/nugroho/Documents/ceritakita-booking/node_modules/next/dist/compiled/next-server/app-route.runtime.prod.js:6:21778)
    at Object.get (/home/nugroho/Documents/ceritakita-booking/node_modules/next/dist/compiled/next-server/app-route.runtime.prod.js:6:29137)
    at d (/home/nugroho/Documents/ceritakita-booking/.next/server/app/api/meta/history/route.js:1:721)
    at /home/nugroho/Documents/ceritakita-booking/node_modules/next/dist/compiled/next-server/app-route.runtime.prod.js:6:38417
    at /home/nugroho/Documents/ceritakita-booking/node_modules/next/dist/server/lib/trace/tracer.js:140:36
    at NoopContextManager.with (/home/nugroho/Documents/ceritakita-booking/node_modules/next/dist/compiled/@opentelemetry/api/index.js:1:7062)
    at ContextAPI.with (/home/nugroho/Documents/ceritakita-booking/node_modules/next/dist/compiled/@opentelemetry/api/index.js:1:518)
    at NoopTracer.startActiveSpan (/home/nugroho/Documents/ceritakita-booking/node_modules/next/dist/compiled/@opentelemetry/api/index.js:1:18093)
    at ProxyTracer.startActiveSpan (/home/nugroho/Documents/ceritakita-booking/node_modules/next/dist/compiled/@opentelemetry/api/index.js:1:18854)
    at /home/nugroho/Documents/ceritakita-booking/node_modules/next/dist/server/lib/trace/tracer.js:122:103
[2026-01-02T13:00:56.933Z] [ERROR]  | Context: {"stack":"AggregateError [ETIMEDOUT]: \n    at internalConnectMultiple (node:net:1134:18)\n    at internalConnectMultiple (node:net:1210:5)\n    at Timeout.internalConnectMultipleTimeout (node:net:1742:5)\n    at listOnTimeout (node:internal/timers:590:11)\n    at process.processTimers (node:internal/timers:523:7)"} | Error:  | AggregateError [ETIMEDOUT]: 
    at internalConnectMultiple (node:net:1134:18)
    at internalConnectMultiple (node:net:1210:5)
    at Timeout.internalConnectMultipleTimeout (node:net:1742:5)
    at listOnTimeout (node:internal/timers:590:11)
    at process.processTimers (node:internal/timers:523:7)
[2026-01-11T04:47:05.536Z] [ERROR] Health check failed | Context: {} | Error: database disk image is malformed | SqliteError: database disk image is malformed
    at /home/nugroho/Documents/ceritakita-booking/.next/server/chunks/9487.js:171:69
    at r (/home/nugroho/Documents/ceritakita-booking/.next/server/chunks/9487.js:277:793)
    at d (/home/nugroho/Documents/ceritakita-booking/.next/server/app/api/health/route.js:1:717)
    at /home/nugroho/Documents/ceritakita-booking/node_modules/next/dist/compiled/next-server/app-route.runtime.prod.js:6:38417
    at /home/nugroho/Documents/ceritakita-booking/node_modules/next/dist/server/lib/trace/tracer.js:140:36
    at NoopContextManager.with (/home/nugroho/Documents/ceritakita-booking/node_modules/next/dist/compiled/@opentelemetry/api/index.js:1:7062)
    at ContextAPI.with (/home/nugroho/Documents/ceritakita-booking/node_modules/next/dist/compiled/@opentelemetry/api/index.js:1:518)
    at NoopTracer.startActiveSpan (/home/nugroho/Documents/ceritakita-booking/node_modules/next/dist/compiled/@opentelemetry/api/index.js:1:18093)
    at ProxyTracer.startActiveSpan (/home/nugroho/Documents/ceritakita-booking/node_modules/next/dist/compiled/@opentelemetry/api/index.js:1:18854)
    at /home/nugroho/Documents/ceritakita-booking/node_modules/next/dist/server/lib/trace/tracer.js:122:103
[2026-01-12T11:35:31.203Z] [ERROR] Dynamic server usage: Route /api/finance/summary couldn't be rendered statically because it used `request.headers`. See more info here: https://nextjs.org/docs/messages/dynamic-server-error | Context: {"stack":"Error: Dynamic server usage: Route /api/finance/summary couldn't be rendered statically because it used `request.headers`. See more info here: https://nextjs.org/docs/messages/dynamic-server-error\n    at V (/Users/nugroho/Documents/ceritakita-booking/node_modules/next/dist/compiled/next-server/app-route.runtime.prod.js:6:21778)\n    at Object.get (/Users/nugroho/Documents/ceritakita-booking/node_modules/next/dist/compiled/next-server/app-route.runtime.prod.js:6:29465)\n    at /Users/nugroho/Documents/ceritakita-booking/.next/server/app/api/auth/verify/route.js:2:1738\n    at /Users/nugroho/Documents/ceritakita-booking/.next/server/app/api/auth/verify/route.js:2:1858\n    at /Users/nugroho/Documents/ceritakita-booking/.next/server/app/api/auth/verify/route.js:2:2538\n    at Object.moderate (/Users/nugroho/Documents/ceritakita-booking/.next/server/app/api/auth/verify/route.js:2:2937)\n    at m (/Users/nugroho/Documents/ceritakita-booking/.next/server/app/api/finance/summary/route.js:1:1385)\n    at /Users/nugroho/Documents/ceritakita-booking/node_modules/next/dist/compiled/next-server/app-route.runtime.prod.js:6:38417\n    at /Users/nugroho/Documents/ceritakita-booking/node_modules/next/dist/server/lib/trace/tracer.js:140:36\n    at NoopContextManager.with (/Users/nugroho/Documents/ceritakita-booking/node_modules/next/dist/compiled/@opentelemetry/api/index.js:1:7062)"} | Error: Dynamic server usage: Route /api/finance/summary couldn't be rendered statically because it used `request.headers`. See more info here: https://nextjs.org/docs/messages/dynamic-server-error | Error: Dynamic server usage: Route /api/finance/summary couldn't be rendered statically because it used `request.headers`. See more info here: https://nextjs.org/docs/messages/dynamic-server-error
    at V (/Users/nugroho/Documents/ceritakita-booking/node_modules/next/dist/compiled/next-server/app-route.runtime.prod.js:6:21778)
    at Object.get (/Users/nugroho/Documents/ceritakita-booking/node_modules/next/dist/compiled/next-server/app-route.runtime.prod.js:6:29465)
    at /Users/nugroho/Documents/ceritakita-booking/.next/server/app/api/auth/verify/route.js:2:1738
    at /Users/nugroho/Documents/ceritakita-booking/.next/server/app/api/auth/verify/route.js:2:1858
    at /Users/nugroho/Documents/ceritakita-booking/.next/server/app/api/auth/verify/route.js:2:2538
    at Object.moderate (/Users/nugroho/Documents/ceritakita-booking/.next/server/app/api/auth/verify/route.js:2:2937)
    at m (/Users/nugroho/Documents/ceritakita-booking/.next/server/app/api/finance/summary/route.js:1:1385)
    at /Users/nugroho/Documents/ceritakita-booking/node_modules/next/dist/compiled/next-server/app-route.runtime.prod.js:6:38417
    at /Users/nugroho/Documents/ceritakita-booking/node_modules/next/dist/server/lib/trace/tracer.js:140:36
    at NoopContextManager.with (/Users/nugroho/Documents/ceritakita-booking/node_modules/next/dist/compiled/@opentelemetry/api/index.js:1:7062)
[2026-01-12T12:05:09.127Z] [ERROR] Cannot delete automated Ads expenses | Context: {"code":"FORBIDDEN_OPERATION","stack":"AppError: Cannot delete automated Ads expenses\n    at deleteExpense (webpack-internal:///(rsc)/./lib/storage-expenses.ts:182:15)\n    at DELETE (webpack-internal:///(rsc)/./app/api/expenses/[id]/route.ts:104:77)\n    at async /Users/nugroho/Documents/ceritakita-booking/node_modules/next/dist/compiled/next-server/app-route.runtime.dev.js:6:57228\n    at async eT.execute (/Users/nugroho/Documents/ceritakita-booking/node_modules/next/dist/compiled/next-server/app-route.runtime.dev.js:6:46851)\n    at async eT.handle (/Users/nugroho/Documents/ceritakita-booking/node_modules/next/dist/compiled/next-server/app-route.runtime.dev.js:6:58760)\n    at async doRender (/Users/nugroho/Documents/ceritakita-booking/node_modules/next/dist/server/base-server.js:1366:42)\n    at async cacheEntry.responseCache.get.routeKind (/Users/nugroho/Documents/ceritakita-booking/node_modules/next/dist/server/base-server.js:1576:40)\n    at async DevServer.renderToResponseWithComponentsImpl (/Users/nugroho/Documents/ceritakita-booking/node_modules/next/dist/server/base-server.js:1496:28)\n    at async DevServer.renderPageComponent (/Users/nugroho/Documents/ceritakita-booking/node_modules/next/dist/server/base-server.js:1924:24)\n    at async DevServer.renderToResponseImpl (/Users/nugroho/Documents/ceritakita-booking/node_modules/next/dist/server/base-server.js:1962:32)\n    at async DevServer.pipeImpl (/Users/nugroho/Documents/ceritakita-booking/node_modules/next/dist/server/base-server.js:922:25)\n    at async NextNodeServer.handleCatchallRenderRequest (/Users/nugroho/Documents/ceritakita-booking/node_modules/next/dist/server/next-server.js:272:17)\n    at async DevServer.handleRequestImpl (/Users/nugroho/Documents/ceritakita-booking/node_modules/next/dist/server/base-server.js:818:17)\n    at async /Users/nugroho/Documents/ceritakita-booking/node_modules/next/dist/server/dev/next-dev-server.js:339:20\n    at async Span.traceAsyncFn (/Users/nugroho/Documents/ceritakita-booking/node_modules/next/dist/trace/trace.js:154:20)\n    at async DevServer.handleRequest (/Users/nugroho/Documents/ceritakita-booking/node_modules/next/dist/server/dev/next-dev-server.js:336:24)\n    at async invokeRender (/Users/nugroho/Documents/ceritakita-booking/node_modules/next/dist/server/lib/router-server.js:179:21)\n    at async handleRequest (/Users/nugroho/Documents/ceritakita-booking/node_modules/next/dist/server/lib/router-server.js:359:24)\n    at async requestHandlerImpl (/Users/nugroho/Documents/ceritakita-booking/node_modules/next/dist/server/lib/router-server.js:383:13)\n    at async Server.requestListener (/Users/nugroho/Documents/ceritakita-booking/node_modules/next/dist/server/lib/start-server.js:141:13)"} | Request: 0ee43836-4f87-48d9-96a5-3ad02bb5242f | Error: Cannot delete automated Ads expenses | AppError: Cannot delete automated Ads expenses
    at deleteExpense (webpack-internal:///(rsc)/./lib/storage-expenses.ts:182:15)
    at DELETE (webpack-internal:///(rsc)/./app/api/expenses/[id]/route.ts:104:77)
    at async /Users/nugroho/Documents/ceritakita-booking/node_modules/next/dist/compiled/next-server/app-route.runtime.dev.js:6:57228
    at async eT.execute (/Users/nugroho/Documents/ceritakita-booking/node_modules/next/dist/compiled/next-server/app-route.runtime.dev.js:6:46851)
    at async eT.handle (/Users/nugroho/Documents/ceritakita-booking/node_modules/next/dist/compiled/next-server/app-route.runtime.dev.js:6:58760)
    at async doRender (/Users/nugroho/Documents/ceritakita-booking/node_modules/next/dist/server/base-server.js:1366:42)
    at async cacheEntry.responseCache.get.routeKind (/Users/nugroho/Documents/ceritakita-booking/node_modules/next/dist/server/base-server.js:1576:40)
    at async DevServer.renderToResponseWithComponentsImpl (/Users/nugroho/Documents/ceritakita-booking/node_modules/next/dist/server/base-server.js:1496:28)
    at async DevServer.renderPageComponent (/Users/nugroho/Documents/ceritakita-booking/node_modules/next/dist/server/base-server.js:1924:24)
    at async DevServer.renderToResponseImpl (/Users/nugroho/Documents/ceritakita-booking/node_modules/next/dist/server/base-server.js:1962:32)
    at async DevServer.pipeImpl (/Users/nugroho/Documents/ceritakita-booking/node_modules/next/dist/server/base-server.js:922:25)
    at async NextNodeServer.handleCatchallRenderRequest (/Users/nugroho/Documents/ceritakita-booking/node_modules/next/dist/server/next-server.js:272:17)
    at async DevServer.handleRequestImpl (/Users/nugroho/Documents/ceritakita-booking/node_modules/next/dist/server/base-server.js:818:17)
    at async /Users/nugroho/Documents/ceritakita-booking/node_modules/next/dist/server/dev/next-dev-server.js:339:20
    at async Span.traceAsyncFn (/Users/nugroho/Documents/ceritakita-booking/node_modules/next/dist/trace/trace.js:154:20)
    at async DevServer.handleRequest (/Users/nugroho/Documents/ceritakita-booking/node_modules/next/dist/server/dev/next-dev-server.js:336:24)
    at async invokeRender (/Users/nugroho/Documents/ceritakita-booking/node_modules/next/dist/server/lib/router-server.js:179:21)
    at async handleRequest (/Users/nugroho/Documents/ceritakita-booking/node_modules/next/dist/server/lib/router-server.js:359:24)
    at async requestHandlerImpl (/Users/nugroho/Documents/ceritakita-booking/node_modules/next/dist/server/lib/router-server.js:383:13)
    at async Server.requestListener (/Users/nugroho/Documents/ceritakita-booking/node_modules/next/dist/server/lib/start-server.js:141:13)
[2026-01-12T12:05:13.021Z] [ERROR] Cannot delete automated Ads expenses | Context: {"code":"FORBIDDEN_OPERATION","stack":"AppError: Cannot delete automated Ads expenses\n    at deleteExpense (webpack-internal:///(rsc)/./lib/storage-expenses.ts:182:15)\n    at DELETE (webpack-internal:///(rsc)/./app/api/expenses/[id]/route.ts:104:77)\n    at async /Users/nugroho/Documents/ceritakita-booking/node_modules/next/dist/compiled/next-server/app-route.runtime.dev.js:6:57228\n    at async eT.execute (/Users/nugroho/Documents/ceritakita-booking/node_modules/next/dist/compiled/next-server/app-route.runtime.dev.js:6:46851)\n    at async eT.handle (/Users/nugroho/Documents/ceritakita-booking/node_modules/next/dist/compiled/next-server/app-route.runtime.dev.js:6:58760)\n    at async doRender (/Users/nugroho/Documents/ceritakita-booking/node_modules/next/dist/server/base-server.js:1366:42)\n    at async cacheEntry.responseCache.get.routeKind (/Users/nugroho/Documents/ceritakita-booking/node_modules/next/dist/server/base-server.js:1576:40)\n    at async DevServer.renderToResponseWithComponentsImpl (/Users/nugroho/Documents/ceritakita-booking/node_modules/next/dist/server/base-server.js:1496:28)\n    at async DevServer.renderPageComponent (/Users/nugroho/Documents/ceritakita-booking/node_modules/next/dist/server/base-server.js:1924:24)\n    at async DevServer.renderToResponseImpl (/Users/nugroho/Documents/ceritakita-booking/node_modules/next/dist/server/base-server.js:1962:32)\n    at async DevServer.pipeImpl (/Users/nugroho/Documents/ceritakita-booking/node_modules/next/dist/server/base-server.js:922:25)\n    at async NextNodeServer.handleCatchallRenderRequest (/Users/nugroho/Documents/ceritakita-booking/node_modules/next/dist/server/next-server.js:272:17)\n    at async DevServer.handleRequestImpl (/Users/nugroho/Documents/ceritakita-booking/node_modules/next/dist/server/base-server.js:818:17)\n    at async /Users/nugroho/Documents/ceritakita-booking/node_modules/next/dist/server/dev/next-dev-server.js:339:20\n    at async Span.traceAsyncFn (/Users/nugroho/Documents/ceritakita-booking/node_modules/next/dist/trace/trace.js:154:20)\n    at async DevServer.handleRequest (/Users/nugroho/Documents/ceritakita-booking/node_modules/next/dist/server/dev/next-dev-server.js:336:24)\n    at async invokeRender (/Users/nugroho/Documents/ceritakita-booking/node_modules/next/dist/server/lib/router-server.js:179:21)\n    at async handleRequest (/Users/nugroho/Documents/ceritakita-booking/node_modules/next/dist/server/lib/router-server.js:359:24)\n    at async requestHandlerImpl (/Users/nugroho/Documents/ceritakita-booking/node_modules/next/dist/server/lib/router-server.js:383:13)\n    at async Server.requestListener (/Users/nugroho/Documents/ceritakita-booking/node_modules/next/dist/server/lib/start-server.js:141:13)"} | Request: fffc0289-f4cc-44ec-83f5-c880c1161d66 | Error: Cannot delete automated Ads expenses | AppError: Cannot delete automated Ads expenses
    at deleteExpense (webpack-internal:///(rsc)/./lib/storage-expenses.ts:182:15)
    at DELETE (webpack-internal:///(rsc)/./app/api/expenses/[id]/route.ts:104:77)
    at async /Users/nugroho/Documents/ceritakita-booking/node_modules/next/dist/compiled/next-server/app-route.runtime.dev.js:6:57228
    at async eT.execute (/Users/nugroho/Documents/ceritakita-booking/node_modules/next/dist/compiled/next-server/app-route.runtime.dev.js:6:46851)
    at async eT.handle (/Users/nugroho/Documents/ceritakita-booking/node_modules/next/dist/compiled/next-server/app-route.runtime.dev.js:6:58760)
    at async doRender (/Users/nugroho/Documents/ceritakita-booking/node_modules/next/dist/server/base-server.js:1366:42)
    at async cacheEntry.responseCache.get.routeKind (/Users/nugroho/Documents/ceritakita-booking/node_modules/next/dist/server/base-server.js:1576:40)
    at async DevServer.renderToResponseWithComponentsImpl (/Users/nugroho/Documents/ceritakita-booking/node_modules/next/dist/server/base-server.js:1496:28)
    at async DevServer.renderPageComponent (/Users/nugroho/Documents/ceritakita-booking/node_modules/next/dist/server/base-server.js:1924:24)
    at async DevServer.renderToResponseImpl (/Users/nugroho/Documents/ceritakita-booking/node_modules/next/dist/server/base-server.js:1962:32)
    at async DevServer.pipeImpl (/Users/nugroho/Documents/ceritakita-booking/node_modules/next/dist/server/base-server.js:922:25)
    at async NextNodeServer.handleCatchallRenderRequest (/Users/nugroho/Documents/ceritakita-booking/node_modules/next/dist/server/next-server.js:272:17)
    at async DevServer.handleRequestImpl (/Users/nugroho/Documents/ceritakita-booking/node_modules/next/dist/server/base-server.js:818:17)
    at async /Users/nugroho/Documents/ceritakita-booking/node_modules/next/dist/server/dev/next-dev-server.js:339:20
    at async Span.traceAsyncFn (/Users/nugroho/Documents/ceritakita-booking/node_modules/next/dist/trace/trace.js:154:20)
    at async DevServer.handleRequest (/Users/nugroho/Documents/ceritakita-booking/node_modules/next/dist/server/dev/next-dev-server.js:336:24)
    at async invokeRender (/Users/nugroho/Documents/ceritakita-booking/node_modules/next/dist/server/lib/router-server.js:179:21)
    at async handleRequest (/Users/nugroho/Documents/ceritakita-booking/node_modules/next/dist/server/lib/router-server.js:359:24)
    at async requestHandlerImpl (/Users/nugroho/Documents/ceritakita-booking/node_modules/next/dist/server/lib/router-server.js:383:13)
    at async Server.requestListener (/Users/nugroho/Documents/ceritakita-booking/node_modules/next/dist/server/lib/start-server.js:141:13)
[2026-01-12T12:06:02.258Z] [ERROR] Cannot delete automated Ads expenses | Context: {"code":"FORBIDDEN_OPERATION","stack":"AppError: Cannot delete automated Ads expenses\n    at deleteExpense (webpack-internal:///(rsc)/./lib/storage-expenses.ts:182:15)\n    at DELETE (webpack-internal:///(rsc)/./app/api/expenses/[id]/route.ts:104:77)\n    at async /Users/nugroho/Documents/ceritakita-booking/node_modules/next/dist/compiled/next-server/app-route.runtime.dev.js:6:57228\n    at async eT.execute (/Users/nugroho/Documents/ceritakita-booking/node_modules/next/dist/compiled/next-server/app-route.runtime.dev.js:6:46851)\n    at async eT.handle (/Users/nugroho/Documents/ceritakita-booking/node_modules/next/dist/compiled/next-server/app-route.runtime.dev.js:6:58760)\n    at async doRender (/Users/nugroho/Documents/ceritakita-booking/node_modules/next/dist/server/base-server.js:1366:42)\n    at async cacheEntry.responseCache.get.routeKind (/Users/nugroho/Documents/ceritakita-booking/node_modules/next/dist/server/base-server.js:1576:40)\n    at async DevServer.renderToResponseWithComponentsImpl (/Users/nugroho/Documents/ceritakita-booking/node_modules/next/dist/server/base-server.js:1496:28)\n    at async DevServer.renderPageComponent (/Users/nugroho/Documents/ceritakita-booking/node_modules/next/dist/server/base-server.js:1924:24)\n    at async DevServer.renderToResponseImpl (/Users/nugroho/Documents/ceritakita-booking/node_modules/next/dist/server/base-server.js:1962:32)\n    at async DevServer.pipeImpl (/Users/nugroho/Documents/ceritakita-booking/node_modules/next/dist/server/base-server.js:922:25)\n    at async NextNodeServer.handleCatchallRenderRequest (/Users/nugroho/Documents/ceritakita-booking/node_modules/next/dist/server/next-server.js:272:17)\n    at async DevServer.handleRequestImpl (/Users/nugroho/Documents/ceritakita-booking/node_modules/next/dist/server/base-server.js:818:17)\n    at async /Users/nugroho/Documents/ceritakita-booking/node_modules/next/dist/server/dev/next-dev-server.js:339:20\n    at async Span.traceAsyncFn (/Users/nugroho/Documents/ceritakita-booking/node_modules/next/dist/trace/trace.js:154:20)\n    at async DevServer.handleRequest (/Users/nugroho/Documents/ceritakita-booking/node_modules/next/dist/server/dev/next-dev-server.js:336:24)\n    at async invokeRender (/Users/nugroho/Documents/ceritakita-booking/node_modules/next/dist/server/lib/router-server.js:179:21)\n    at async handleRequest (/Users/nugroho/Documents/ceritakita-booking/node_modules/next/dist/server/lib/router-server.js:359:24)\n    at async requestHandlerImpl (/Users/nugroho/Documents/ceritakita-booking/node_modules/next/dist/server/lib/router-server.js:383:13)\n    at async Server.requestListener (/Users/nugroho/Documents/ceritakita-booking/node_modules/next/dist/server/lib/start-server.js:141:13)"} | Request: 47737d51-874b-42cd-a489-cc44de5d44bf | Error: Cannot delete automated Ads expenses | AppError: Cannot delete automated Ads expenses
    at deleteExpense (webpack-internal:///(rsc)/./lib/storage-expenses.ts:182:15)
    at DELETE (webpack-internal:///(rsc)/./app/api/expenses/[id]/route.ts:104:77)
    at async /Users/nugroho/Documents/ceritakita-booking/node_modules/next/dist/compiled/next-server/app-route.runtime.dev.js:6:57228
    at async eT.execute (/Users/nugroho/Documents/ceritakita-booking/node_modules/next/dist/compiled/next-server/app-route.runtime.dev.js:6:46851)
    at async eT.handle (/Users/nugroho/Documents/ceritakita-booking/node_modules/next/dist/compiled/next-server/app-route.runtime.dev.js:6:58760)
    at async doRender (/Users/nugroho/Documents/ceritakita-booking/node_modules/next/dist/server/base-server.js:1366:42)
    at async cacheEntry.responseCache.get.routeKind (/Users/nugroho/Documents/ceritakita-booking/node_modules/next/dist/server/base-server.js:1576:40)
    at async DevServer.renderToResponseWithComponentsImpl (/Users/nugroho/Documents/ceritakita-booking/node_modules/next/dist/server/base-server.js:1496:28)
    at async DevServer.renderPageComponent (/Users/nugroho/Documents/ceritakita-booking/node_modules/next/dist/server/base-server.js:1924:24)
    at async DevServer.renderToResponseImpl (/Users/nugroho/Documents/ceritakita-booking/node_modules/next/dist/server/base-server.js:1962:32)
    at async DevServer.pipeImpl (/Users/nugroho/Documents/ceritakita-booking/node_modules/next/dist/server/base-server.js:922:25)
    at async NextNodeServer.handleCatchallRenderRequest (/Users/nugroho/Documents/ceritakita-booking/node_modules/next/dist/server/next-server.js:272:17)
    at async DevServer.handleRequestImpl (/Users/nugroho/Documents/ceritakita-booking/node_modules/next/dist/server/base-server.js:818:17)
    at async /Users/nugroho/Documents/ceritakita-booking/node_modules/next/dist/server/dev/next-dev-server.js:339:20
    at async Span.traceAsyncFn (/Users/nugroho/Documents/ceritakita-booking/node_modules/next/dist/trace/trace.js:154:20)
    at async DevServer.handleRequest (/Users/nugroho/Documents/ceritakita-booking/node_modules/next/dist/server/dev/next-dev-server.js:336:24)
    at async invokeRender (/Users/nugroho/Documents/ceritakita-booking/node_modules/next/dist/server/lib/router-server.js:179:21)
    at async handleRequest (/Users/nugroho/Documents/ceritakita-booking/node_modules/next/dist/server/lib/router-server.js:359:24)
    at async requestHandlerImpl (/Users/nugroho/Documents/ceritakita-booking/node_modules/next/dist/server/lib/router-server.js:383:13)
    at async Server.requestListener (/Users/nugroho/Documents/ceritakita-booking/node_modules/next/dist/server/lib/start-server.js:141:13)
[2026-01-12T12:07:58.784Z] [ERROR] Cannot delete automated Ads expenses | Context: {"code":"FORBIDDEN_OPERATION","stack":"AppError: Cannot delete automated Ads expenses\n    at deleteExpense (webpack-internal:///(rsc)/./lib/storage-expenses.ts:182:15)\n    at DELETE (webpack-internal:///(rsc)/./app/api/expenses/[id]/route.ts:104:77)\n    at async /Users/nugroho/Documents/ceritakita-booking/node_modules/next/dist/compiled/next-server/app-route.runtime.dev.js:6:57228\n    at async eT.execute (/Users/nugroho/Documents/ceritakita-booking/node_modules/next/dist/compiled/next-server/app-route.runtime.dev.js:6:46851)\n    at async eT.handle (/Users/nugroho/Documents/ceritakita-booking/node_modules/next/dist/compiled/next-server/app-route.runtime.dev.js:6:58760)\n    at async doRender (/Users/nugroho/Documents/ceritakita-booking/node_modules/next/dist/server/base-server.js:1366:42)\n    at async cacheEntry.responseCache.get.routeKind (/Users/nugroho/Documents/ceritakita-booking/node_modules/next/dist/server/base-server.js:1576:40)\n    at async DevServer.renderToResponseWithComponentsImpl (/Users/nugroho/Documents/ceritakita-booking/node_modules/next/dist/server/base-server.js:1496:28)\n    at async DevServer.renderPageComponent (/Users/nugroho/Documents/ceritakita-booking/node_modules/next/dist/server/base-server.js:1924:24)\n    at async DevServer.renderToResponseImpl (/Users/nugroho/Documents/ceritakita-booking/node_modules/next/dist/server/base-server.js:1962:32)\n    at async DevServer.pipeImpl (/Users/nugroho/Documents/ceritakita-booking/node_modules/next/dist/server/base-server.js:922:25)\n    at async NextNodeServer.handleCatchallRenderRequest (/Users/nugroho/Documents/ceritakita-booking/node_modules/next/dist/server/next-server.js:272:17)\n    at async DevServer.handleRequestImpl (/Users/nugroho/Documents/ceritakita-booking/node_modules/next/dist/server/base-server.js:818:17)\n    at async /Users/nugroho/Documents/ceritakita-booking/node_modules/next/dist/server/dev/next-dev-server.js:339:20\n    at async Span.traceAsyncFn (/Users/nugroho/Documents/ceritakita-booking/node_modules/next/dist/trace/trace.js:154:20)\n    at async DevServer.handleRequest (/Users/nugroho/Documents/ceritakita-booking/node_modules/next/dist/server/dev/next-dev-server.js:336:24)\n    at async invokeRender (/Users/nugroho/Documents/ceritakita-booking/node_modules/next/dist/server/lib/router-server.js:179:21)\n    at async handleRequest (/Users/nugroho/Documents/ceritakita-booking/node_modules/next/dist/server/lib/router-server.js:359:24)\n    at async requestHandlerImpl (/Users/nugroho/Documents/ceritakita-booking/node_modules/next/dist/server/lib/router-server.js:383:13)\n    at async Server.requestListener (/Users/nugroho/Documents/ceritakita-booking/node_modules/next/dist/server/lib/start-server.js:141:13)"} | Request: 9edd1472-4adb-4209-bf6c-24bb5d92c100 | Error: Cannot delete automated Ads expenses | AppError: Cannot delete automated Ads expenses
    at deleteExpense (webpack-internal:///(rsc)/./lib/storage-expenses.ts:182:15)
    at DELETE (webpack-internal:///(rsc)/./app/api/expenses/[id]/route.ts:104:77)
    at async /Users/nugroho/Documents/ceritakita-booking/node_modules/next/dist/compiled/next-server/app-route.runtime.dev.js:6:57228
    at async eT.execute (/Users/nugroho/Documents/ceritakita-booking/node_modules/next/dist/compiled/next-server/app-route.runtime.dev.js:6:46851)
    at async eT.handle (/Users/nugroho/Documents/ceritakita-booking/node_modules/next/dist/compiled/next-server/app-route.runtime.dev.js:6:58760)
    at async doRender (/Users/nugroho/Documents/ceritakita-booking/node_modules/next/dist/server/base-server.js:1366:42)
    at async cacheEntry.responseCache.get.routeKind (/Users/nugroho/Documents/ceritakita-booking/node_modules/next/dist/server/base-server.js:1576:40)
    at async DevServer.renderToResponseWithComponentsImpl (/Users/nugroho/Documents/ceritakita-booking/node_modules/next/dist/server/base-server.js:1496:28)
    at async DevServer.renderPageComponent (/Users/nugroho/Documents/ceritakita-booking/node_modules/next/dist/server/base-server.js:1924:24)
    at async DevServer.renderToResponseImpl (/Users/nugroho/Documents/ceritakita-booking/node_modules/next/dist/server/base-server.js:1962:32)
    at async DevServer.pipeImpl (/Users/nugroho/Documents/ceritakita-booking/node_modules/next/dist/server/base-server.js:922:25)
    at async NextNodeServer.handleCatchallRenderRequest (/Users/nugroho/Documents/ceritakita-booking/node_modules/next/dist/server/next-server.js:272:17)
    at async DevServer.handleRequestImpl (/Users/nugroho/Documents/ceritakita-booking/node_modules/next/dist/server/base-server.js:818:17)
    at async /Users/nugroho/Documents/ceritakita-booking/node_modules/next/dist/server/dev/next-dev-server.js:339:20
    at async Span.traceAsyncFn (/Users/nugroho/Documents/ceritakita-booking/node_modules/next/dist/trace/trace.js:154:20)
    at async DevServer.handleRequest (/Users/nugroho/Documents/ceritakita-booking/node_modules/next/dist/server/dev/next-dev-server.js:336:24)
    at async invokeRender (/Users/nugroho/Documents/ceritakita-booking/node_modules/next/dist/server/lib/router-server.js:179:21)
    at async handleRequest (/Users/nugroho/Documents/ceritakita-booking/node_modules/next/dist/server/lib/router-server.js:359:24)
    at async requestHandlerImpl (/Users/nugroho/Documents/ceritakita-booking/node_modules/next/dist/server/lib/router-server.js:383:13)
    at async Server.requestListener (/Users/nugroho/Documents/ceritakita-booking/node_modules/next/dist/server/lib/start-server.js:141:13)
[2026-01-12T12:09:47.195Z] [ERROR] Cannot delete automated Ads expenses | Context: {"code":"FORBIDDEN_OPERATION","stack":"AppError: Cannot delete automated Ads expenses\n    at deleteExpense (webpack-internal:///(rsc)/./lib/storage-expenses.ts:182:15)\n    at DELETE (webpack-internal:///(rsc)/./app/api/expenses/[id]/route.ts:104:77)\n    at async /Users/nugroho/Documents/ceritakita-booking/node_modules/next/dist/compiled/next-server/app-route.runtime.dev.js:6:57228\n    at async eT.execute (/Users/nugroho/Documents/ceritakita-booking/node_modules/next/dist/compiled/next-server/app-route.runtime.dev.js:6:46851)\n    at async eT.handle (/Users/nugroho/Documents/ceritakita-booking/node_modules/next/dist/compiled/next-server/app-route.runtime.dev.js:6:58760)\n    at async doRender (/Users/nugroho/Documents/ceritakita-booking/node_modules/next/dist/server/base-server.js:1366:42)\n    at async cacheEntry.responseCache.get.routeKind (/Users/nugroho/Documents/ceritakita-booking/node_modules/next/dist/server/base-server.js:1576:40)\n    at async DevServer.renderToResponseWithComponentsImpl (/Users/nugroho/Documents/ceritakita-booking/node_modules/next/dist/server/base-server.js:1496:28)\n    at async DevServer.renderPageComponent (/Users/nugroho/Documents/ceritakita-booking/node_modules/next/dist/server/base-server.js:1924:24)\n    at async DevServer.renderToResponseImpl (/Users/nugroho/Documents/ceritakita-booking/node_modules/next/dist/server/base-server.js:1962:32)\n    at async DevServer.pipeImpl (/Users/nugroho/Documents/ceritakita-booking/node_modules/next/dist/server/base-server.js:922:25)\n    at async NextNodeServer.handleCatchallRenderRequest (/Users/nugroho/Documents/ceritakita-booking/node_modules/next/dist/server/next-server.js:272:17)\n    at async DevServer.handleRequestImpl (/Users/nugroho/Documents/ceritakita-booking/node_modules/next/dist/server/base-server.js:818:17)\n    at async /Users/nugroho/Documents/ceritakita-booking/node_modules/next/dist/server/dev/next-dev-server.js:339:20\n    at async Span.traceAsyncFn (/Users/nugroho/Documents/ceritakita-booking/node_modules/next/dist/trace/trace.js:154:20)\n    at async DevServer.handleRequest (/Users/nugroho/Documents/ceritakita-booking/node_modules/next/dist/server/dev/next-dev-server.js:336:24)\n    at async invokeRender (/Users/nugroho/Documents/ceritakita-booking/node_modules/next/dist/server/lib/router-server.js:179:21)\n    at async handleRequest (/Users/nugroho/Documents/ceritakita-booking/node_modules/next/dist/server/lib/router-server.js:359:24)\n    at async requestHandlerImpl (/Users/nugroho/Documents/ceritakita-booking/node_modules/next/dist/server/lib/router-server.js:383:13)\n    at async Server.requestListener (/Users/nugroho/Documents/ceritakita-booking/node_modules/next/dist/server/lib/start-server.js:141:13)"} | Request: ee946834-e723-4d6a-809e-52036f98bdcb | Error: Cannot delete automated Ads expenses | AppError: Cannot delete automated Ads expenses
    at deleteExpense (webpack-internal:///(rsc)/./lib/storage-expenses.ts:182:15)
    at DELETE (webpack-internal:///(rsc)/./app/api/expenses/[id]/route.ts:104:77)
    at async /Users/nugroho/Documents/ceritakita-booking/node_modules/next/dist/compiled/next-server/app-route.runtime.dev.js:6:57228
    at async eT.execute (/Users/nugroho/Documents/ceritakita-booking/node_modules/next/dist/compiled/next-server/app-route.runtime.dev.js:6:46851)
    at async eT.handle (/Users/nugroho/Documents/ceritakita-booking/node_modules/next/dist/compiled/next-server/app-route.runtime.dev.js:6:58760)
    at async doRender (/Users/nugroho/Documents/ceritakita-booking/node_modules/next/dist/server/base-server.js:1366:42)
    at async cacheEntry.responseCache.get.routeKind (/Users/nugroho/Documents/ceritakita-booking/node_modules/next/dist/server/base-server.js:1576:40)
    at async DevServer.renderToResponseWithComponentsImpl (/Users/nugroho/Documents/ceritakita-booking/node_modules/next/dist/server/base-server.js:1496:28)
    at async DevServer.renderPageComponent (/Users/nugroho/Documents/ceritakita-booking/node_modules/next/dist/server/base-server.js:1924:24)
    at async DevServer.renderToResponseImpl (/Users/nugroho/Documents/ceritakita-booking/node_modules/next/dist/server/base-server.js:1962:32)
    at async DevServer.pipeImpl (/Users/nugroho/Documents/ceritakita-booking/node_modules/next/dist/server/base-server.js:922:25)
    at async NextNodeServer.handleCatchallRenderRequest (/Users/nugroho/Documents/ceritakita-booking/node_modules/next/dist/server/next-server.js:272:17)
    at async DevServer.handleRequestImpl (/Users/nugroho/Documents/ceritakita-booking/node_modules/next/dist/server/base-server.js:818:17)
    at async /Users/nugroho/Documents/ceritakita-booking/node_modules/next/dist/server/dev/next-dev-server.js:339:20
    at async Span.traceAsyncFn (/Users/nugroho/Documents/ceritakita-booking/node_modules/next/dist/trace/trace.js:154:20)
    at async DevServer.handleRequest (/Users/nugroho/Documents/ceritakita-booking/node_modules/next/dist/server/dev/next-dev-server.js:336:24)
    at async invokeRender (/Users/nugroho/Documents/ceritakita-booking/node_modules/next/dist/server/lib/router-server.js:179:21)
    at async handleRequest (/Users/nugroho/Documents/ceritakita-booking/node_modules/next/dist/server/lib/router-server.js:359:24)
    at async requestHandlerImpl (/Users/nugroho/Documents/ceritakita-booking/node_modules/next/dist/server/lib/router-server.js:383:13)
    at async Server.requestListener (/Users/nugroho/Documents/ceritakita-booking/node_modules/next/dist/server/lib/start-server.js:141:13)
[2026-02-12T11:59:48.797Z] [ERROR] Failed to record page view | Context: {"error":{"code":"SQLITE_IOERR_SHORT_READ"}}
[2026-02-12T11:59:48.798Z] [ERROR] Failed to record page view | Context: {"error":{"code":"SQLITE_IOERR_SHORT_READ"}}
